Arguments: 
  /usr/local/Cellar/node/9.8.0/bin/node /usr/local/Cellar/yarn/1.5.1_1/libexec/bin/yarn.js test

PATH: 
  /usr/local/opt/python/libexec/bin:/usr/local/sbin:/usr/local/bin:/usr/bin:/bin:/usr/sbin:/sbin:/usr/local/share/dotnet:/usr/local/opt/python/libexec/bin:/usr/local/sbin

Yarn version: 
  1.5.1

Node version: 
  9.8.0

Platform: 
  darwin x64

npm manifest: 
  {
    "name": "osync",
    "version": "1.0.0",
    "main": "index.js",
    "description": "Turns async function into sync via JavaScript wrapper of Node event loop",
    "license": "MIT",
    "scripts": {
      "build": "node-gyp configure build",
      "test": "node osync.js"
    },
    "gypfile": true,
    "dependencies": {
      "bindings": "^1.3.0",
      "nan": "^2.9.2"
    }
  }

yarn manifest: 
  No manifest

Lockfile: 
  # THIS IS AN AUTOGENERATED FILE. DO NOT EDIT THIS FILE DIRECTLY.
  # yarn lockfile v1
  
  
  bindings@^1.3.0:
    version "1.3.0"
    resolved "https://registry.yarnpkg.com/bindings/-/bindings-1.3.0.tgz#b346f6ecf6a95f5a815c5839fc7cdb22502f1ed7"
  
  nan@^2.9.2:
    version "2.9.2"
    resolved "https://registry.yarnpkg.com/nan/-/nan-2.9.2.tgz#f564d75f5f8f36a6d9456cca7a6c4fe488ab7866"

Trace: 
  Error: Command failed.
  Exit code: 1
  Command: sh
  Arguments: -c node osync.js
  Directory: /Users/devchris/Desktop/osync
  Output:
  
      at ProcessTermError.MessageError (/usr/local/Cellar/yarn/1.5.1_1/libexec/lib/cli.js:186:110)
      at new ProcessTermError (/usr/local/Cellar/yarn/1.5.1_1/libexec/lib/cli.js:226:113)
      at ChildProcess.<anonymous> (/usr/local/Cellar/yarn/1.5.1_1/libexec/lib/cli.js:30281:17)
      at ChildProcess.emit (events.js:180:13)
      at maybeClose (internal/child_process.js:936:16)
      at Process.ChildProcess._handle.onexit (internal/child_process.js:220:5)
